Using pre-set license
Built from '2021.1/release' branch; Version is '2021.1.4f1 (4cd64a618c1b) revision 5035594'; Using compiler version '192528614'; Build Type 'Release'
OS: 'Windows 10 Pro; OS build 19042.1052; Version 2009; 64bit' Language: 'ru' Physical Memory: 16311 MB
BatchMode: 1, IsHumanControllingUs: 0, StartBugReporterOnCrash: 0, Is64bit: 1, IsPro: 0

 COMMAND LINE ARGUMENTS:
C:\Program Files\Unity\Hub\Editor\2021.1.4f1\Editor\Unity.exe
-adb2
-batchMode
-noUpm
-name
AssetImportWorker0
-projectPath
C:/Users/ship_/OneDrive/Рабочий стол/Work/GitHub/Week-13
-logFile
Logs/AssetImportWorker0.log
-srvPort
63008
Successfully changed project path to: C:/Users/ship_/OneDrive/Рабочий стол/Work/GitHub/Week-13
C:/Users/ship_/OneDrive/Рабочий стол/Work/GitHub/Week-13
Using Asset Import Pipeline V2.
Refreshing native plugins compatible for Editor in 71.29 ms, found 1 plugins.
Preloading 0 native plugins for Editor in 0.00 ms.
Initialize engine version: 2021.1.4f1 (4cd64a618c1b)
[Subsystems] Discovering subsystems at path C:/Program Files/Unity/Hub/Editor/2021.1.4f1/Editor/Data/Resources/UnitySubsystems
[Subsystems] Discovering subsystems at path C:/Users/ship_/OneDrive/Рабочий стол/Work/GitHub/Week-13/Assets
GfxDevice: creating device client; threaded=0; jobified=0
Direct3D:
    Version:  Direct3D 11.0 [level 11.0]
    Renderer: NVIDIA GeForce GTX 750 (ID=0x1381)
    Vendor:   NVIDIA
    VRAM:     984 MB
    Driver:   30.0.14.7141
Initialize mono
Mono path[0] = 'C:/Program Files/Unity/Hub/Editor/2021.1.4f1/Editor/Data/Managed'
Mono path[1] = 'C:/Program Files/Unity/Hub/Editor/2021.1.4f1/Editor/Data/MonoBleedingEdge/lib/mono/unityjit'
Mono config path = 'C:/Program Files/Unity/Hub/Editor/2021.1.4f1/Editor/Data/MonoBleedingEdge/etc'
Using monoOptions --debugger-agent=transport=dt_socket,embedding=1,server=y,suspend=n,address=127.0.0.1:56496
Begin MonoManager ReloadAssembly
Registering precompiled unity dll's ...
Register platform support module: C:/Program Files/Unity/Hub/Editor/2021.1.4f1/Editor/Data/PlaybackEngines/WindowsStandaloneSupport/UnityEditor.WindowsStandalone.Extensions.dll
Registered in 0.001368 seconds.
Native extension for WindowsStandalone target not found
Refreshing native plugins compatible for Editor in 75.71 ms, found 1 plugins.
Preloading 0 native plugins for Editor in 0.00 ms.
Mono: successfully reloaded assembly
- Completed reload, in  1.485 seconds
Platform modules already initialized, skipping
Registering precompiled user dll's ...
Registered in 0.002359 seconds.
Begin MonoManager ReloadAssembly
Native extension for WindowsStandalone target not found
Refreshing native plugins compatible for Editor in 0.44 ms, found 1 plugins.
Preloading 0 native plugins for Editor in 0.00 ms.
Mono: successfully reloaded assembly
- Completed reload, in  0.797 seconds
Platform modules already initialized, skipping
========================================================================
Worker process is ready to serve import requests
Launched and connected shader compiler UnityShaderCompiler.exe after 0.05 seconds
Refreshing native plugins compatible for Editor in 0.66 ms, found 1 plugins.
Preloading 0 native plugins for Editor in 0.00 ms.
Unloading 2728 Unused Serialized files (Serialized files now loaded: 0)
System memory in use before: 100.2 MB.
System memory in use after: 100.4 MB.

Unloading 14 unused Assets to reduce memory usage. Loaded Objects now: 3185.
Total: 1.843800 ms (FindLiveObjects: 0.217100 ms CreateObjectMapping: 0.116100 ms MarkObjects: 1.458400 ms  DeleteObjects: 0.051700 ms)

========================================================================
Received Import Request.
  path: Assets/Texture/Iron_Pickaxe.png
  artifactKey: Guid(7bb846b5c24542a41b4b7d89ccbbc03e) Importer(815301076,1909f56bfc062723c751e8b465ee728b)
Start importing Assets/Texture/Iron_Pickaxe.png using Guid(7bb846b5c24542a41b4b7d89ccbbc03e) Importer(815301076,1909f56bfc062723c751e8b465ee728b)  -> (artifact id: '46efd37ba77aa522df3ba51654f5d3b5') in 0.072738 seconds 
========================================================================
Received Import Request.
  Time since last request: 4.754749 seconds.
  path: Assets/Texture/Iron_Pickaxe.png
  artifactKey: Guid(7bb846b5c24542a41b4b7d89ccbbc03e) Importer(815301076,1909f56bfc062723c751e8b465ee728b)
Start importing Assets/Texture/Iron_Pickaxe.png using Guid(7bb846b5c24542a41b4b7d89ccbbc03e) Importer(815301076,1909f56bfc062723c751e8b465ee728b)  -> (artifact id: '5025f75fa56556cb84ec964f6a7493ad') in 0.051575 seconds 
========================================================================
Received Prepare
Registering precompiled user dll's ...
Registered in 0.003010 seconds.
Begin MonoManager ReloadAssembly
Native extension for WindowsStandalone target not found
Refreshing native plugins compatible for Editor in 0.54 ms, found 1 plugins.
Preloading 0 native plugins for Editor in 0.00 ms.
Mono: successfully reloaded assembly
- Completed reload, in  0.782 seconds
Platform modules already initialized, skipping
Refreshing native plugins compatible for Editor in 0.45 ms, found 1 plugins.
Preloading 0 native plugins for Editor in 0.00 ms.
Unloading 2723 Unused Serialized files (Serialized files now loaded: 0)
System memory in use before: 104.6 MB.
System memory in use after: 104.8 MB.

Unloading 9 unused Assets to reduce memory usage. Loaded Objects now: 3224.
Total: 1.774000 ms (FindLiveObjects: 0.190800 ms CreateObjectMapping: 0.106400 ms MarkObjects: 1.458400 ms  DeleteObjects: 0.017700 ms)

========================================================================
Received Prepare
Registering precompiled user dll's ...
Registered in 0.002460 seconds.
Begin MonoManager ReloadAssembly
Native extension for WindowsStandalone target not found
Refreshing native plugins compatible for Editor in 0.45 ms, found 1 plugins.
Preloading 0 native plugins for Editor in 0.00 ms.
Mono: successfully reloaded assembly
- Completed reload, in  0.808 seconds
Platform modules already initialized, skipping
Refreshing native plugins compatible for Editor in 0.54 ms, found 1 plugins.
Preloading 0 native plugins for Editor in 0.00 ms.
Unloading 2722 Unused Serialized files (Serialized files now loaded: 0)
System memory in use before: 104.6 MB.
System memory in use after: 104.8 MB.

Unloading 9 unused Assets to reduce memory usage. Loaded Objects now: 3227.
Total: 2.200500 ms (FindLiveObjects: 0.275500 ms CreateObjectMapping: 0.162300 ms MarkObjects: 1.744800 ms  DeleteObjects: 0.016400 ms)

========================================================================
Received Prepare
Registering precompiled user dll's ...
Registered in 0.002238 seconds.
Begin MonoManager ReloadAssembly
Native extension for WindowsStandalone target not found
Refreshing native plugins compatible for Editor in 0.46 ms, found 1 plugins.
Preloading 0 native plugins for Editor in 0.00 ms.
Mono: successfully reloaded assembly
- Completed reload, in  0.764 seconds
Platform modules already initialized, skipping
Refreshing native plugins compatible for Editor in 0.46 ms, found 1 plugins.
Preloading 0 native plugins for Editor in 0.00 ms.
Unloading 2722 Unused Serialized files (Serialized files now loaded: 0)
System memory in use before: 104.6 MB.
System memory in use after: 104.8 MB.

Unloading 9 unused Assets to reduce memory usage. Loaded Objects now: 3230.
Total: 1.695900 ms (FindLiveObjects: 0.204500 ms CreateObjectMapping: 0.131700 ms MarkObjects: 1.339400 ms  DeleteObjects: 0.019500 ms)

========================================================================
Received Prepare
Registering precompiled user dll's ...
Registered in 0.002263 seconds.
Begin MonoManager ReloadAssembly
Native extension for WindowsStandalone target not found
Refreshing native plugins compatible for Editor in 0.45 ms, found 1 plugins.
Preloading 0 native plugins for Editor in 0.00 ms.
Mono: successfully reloaded assembly
- Completed reload, in  0.774 seconds
Platform modules already initialized, skipping
Refreshing native plugins compatible for Editor in 0.60 ms, found 1 plugins.
Preloading 0 native plugins for Editor in 0.00 ms.
Unloading 2722 Unused Serialized files (Serialized files now loaded: 0)
System memory in use before: 104.6 MB.
System memory in use after: 104.8 MB.

Unloading 9 unused Assets to reduce memory usage. Loaded Objects now: 3233.
Total: 1.775100 ms (FindLiveObjects: 0.182900 ms CreateObjectMapping: 0.100300 ms MarkObjects: 1.476900 ms  DeleteObjects: 0.014400 ms)

========================================================================
Received Prepare
Registering precompiled user dll's ...
Registered in 0.002113 seconds.
Begin MonoManager ReloadAssembly
Native extension for WindowsStandalone target not found
Refreshing native plugins compatible for Editor in 0.46 ms, found 1 plugins.
Preloading 0 native plugins for Editor in 0.00 ms.
Mono: successfully reloaded assembly
- Completed reload, in  0.749 seconds
Platform modules already initialized, skipping
Refreshing native plugins compatible for Editor in 0.68 ms, found 1 plugins.
Preloading 0 native plugins for Editor in 0.00 ms.
Unloading 2722 Unused Serialized files (Serialized files now loaded: 0)
System memory in use before: 104.6 MB.
System memory in use after: 104.9 MB.

Unloading 9 unused Assets to reduce memory usage. Loaded Objects now: 3236.
Total: 1.909200 ms (FindLiveObjects: 0.223400 ms CreateObjectMapping: 0.125300 ms MarkObjects: 1.543000 ms  DeleteObjects: 0.016400 ms)

========================================================================
Received Prepare
Registering precompiled user dll's ...
Registered in 0.002146 seconds.
Begin MonoManager ReloadAssembly
Native extension for WindowsStandalone target not found
Refreshing native plugins compatible for Editor in 0.46 ms, found 1 plugins.
Preloading 0 native plugins for Editor in 0.00 ms.
Mono: successfully reloaded assembly
- Completed reload, in  0.741 seconds
Platform modules already initialized, skipping
Refreshing native plugins compatible for Editor in 0.55 ms, found 1 plugins.
Preloading 0 native plugins for Editor in 0.00 ms.
Unloading 2722 Unused Serialized files (Serialized files now loaded: 0)
System memory in use before: 104.6 MB.
System memory in use after: 104.9 MB.

Unloading 9 unused Assets to reduce memory usage. Loaded Objects now: 3239.
Total: 1.843900 ms (FindLiveObjects: 0.215500 ms CreateObjectMapping: 0.122600 ms MarkObjects: 1.490400 ms  DeleteObjects: 0.014300 ms)

========================================================================
Received Prepare
Registering precompiled user dll's ...
Registered in 0.002196 seconds.
Begin MonoManager ReloadAssembly
Native extension for WindowsStandalone target not found
Refreshing native plugins compatible for Editor in 0.54 ms, found 1 plugins.
Preloading 0 native plugins for Editor in 0.00 ms.
Mono: successfully reloaded assembly
- Completed reload, in  0.732 seconds
Platform modules already initialized, skipping
Refreshing native plugins compatible for Editor in 0.48 ms, found 1 plugins.
Preloading 0 native plugins for Editor in 0.00 ms.
Unloading 2722 Unused Serialized files (Serialized files now loaded: 0)
System memory in use before: 104.6 MB.
System memory in use after: 104.9 MB.

Unloading 9 unused Assets to reduce memory usage. Loaded Objects now: 3242.
Total: 1.773300 ms (FindLiveObjects: 0.191200 ms CreateObjectMapping: 0.110300 ms MarkObjects: 1.459400 ms  DeleteObjects: 0.011400 ms)

========================================================================
Received Import Request.
  Time since last request: 2160.226214 seconds.
  path: Assets/Prefabs/Barracks.prefab
  artifactKey: Guid(f0795f26437b8ea40b0974fa2ff63f93) Importer(815301076,1909f56bfc062723c751e8b465ee728b)
Start importing Assets/Prefabs/Barracks.prefab using Guid(f0795f26437b8ea40b0974fa2ff63f93) Importer(815301076,1909f56bfc062723c751e8b465ee728b)  -> (artifact id: 'e83eec17521342387ff07e0161f9bd30') in 0.070317 seconds 
========================================================================
Received Import Request.
  Time since last request: 19.047839 seconds.
  path: Assets/Prefabs/Barracks.prefab
  artifactKey: Guid(f0795f26437b8ea40b0974fa2ff63f93) Importer(815301076,1909f56bfc062723c751e8b465ee728b)
Start importing Assets/Prefabs/Barracks.prefab using Guid(f0795f26437b8ea40b0974fa2ff63f93) Importer(815301076,1909f56bfc062723c751e8b465ee728b)  -> (artifact id: '33e714fb66c8e6945d3d9f87263fde5d') in 0.014358 seconds 
========================================================================
Received Import Request.
  Time since last request: 78.470687 seconds.
  path: Assets/Scripts/EndGame.cs
  artifactKey: Guid(9e078ee0682080345b96cc5ec21e8e33) Importer(815301076,1909f56bfc062723c751e8b465ee728b)
Start importing Assets/Scripts/EndGame.cs using Guid(9e078ee0682080345b96cc5ec21e8e33) Importer(815301076,1909f56bfc062723c751e8b465ee728b)  -> (artifact id: 'f8361034930dcdc6685e5dd248367873') in 0.010611 seconds 
========================================================================
Received Prepare
Registering precompiled user dll's ...
Registered in 0.002220 seconds.
Begin MonoManager ReloadAssembly
Native extension for WindowsStandalone target not found
Refreshing native plugins compatible for Editor in 0.68 ms, found 1 plugins.
Preloading 0 native plugins for Editor in 0.00 ms.
Mono: successfully reloaded assembly
- Completed reload, in  0.839 seconds
Platform modules already initialized, skipping
Refreshing native plugins compatible for Editor in 0.45 ms, found 1 plugins.
Preloading 0 native plugins for Editor in 0.00 ms.
Unloading 2723 Unused Serialized files (Serialized files now loaded: 0)
System memory in use before: 104.8 MB.
System memory in use after: 105.0 MB.

Unloading 9 unused Assets to reduce memory usage. Loaded Objects now: 3251.
Total: 1.784700 ms (FindLiveObjects: 0.199400 ms CreateObjectMapping: 0.113500 ms MarkObjects: 1.459600 ms  DeleteObjects: 0.011200 ms)

========================================================================
Received Prepare
Registering precompiled user dll's ...
Registered in 0.002164 seconds.
Begin MonoManager ReloadAssembly
Native extension for WindowsStandalone target not found
Refreshing native plugins compatible for Editor in 0.46 ms, found 1 plugins.
Preloading 0 native plugins for Editor in 0.00 ms.
Mono: successfully reloaded assembly
- Completed reload, in  0.781 seconds
Platform modules already initialized, skipping
Refreshing native plugins compatible for Editor in 0.51 ms, found 1 plugins.
Preloading 0 native plugins for Editor in 0.00 ms.
Unloading 2723 Unused Serialized files (Serialized files now loaded: 0)
System memory in use before: 104.8 MB.
System memory in use after: 105.0 MB.

Unloading 9 unused Assets to reduce memory usage. Loaded Objects now: 3254.
Total: 2.126300 ms (FindLiveObjects: 0.256600 ms CreateObjectMapping: 0.156000 ms MarkObjects: 1.699100 ms  DeleteObjects: 0.013500 ms)

========================================================================
Received Prepare
Registering precompiled user dll's ...
Registered in 0.002417 seconds.
Begin MonoManager ReloadAssembly
Native extension for WindowsStandalone target not found
Refreshing native plugins compatible for Editor in 0.74 ms, found 1 plugins.
Preloading 0 native plugins for Editor in 0.00 ms.
Mono: successfully reloaded assembly
- Completed reload, in  0.744 seconds
Platform modules already initialized, skipping
Refreshing native plugins compatible for Editor in 0.52 ms, found 1 plugins.
Preloading 0 native plugins for Editor in 0.00 ms.
Unloading 2723 Unused Serialized files (Serialized files now loaded: 0)
System memory in use before: 104.8 MB.
System memory in use after: 105.0 MB.

Unloading 9 unused Assets to reduce memory usage. Loaded Objects now: 3257.
Total: 2.745500 ms (FindLiveObjects: 0.243800 ms CreateObjectMapping: 0.120100 ms MarkObjects: 2.325900 ms  DeleteObjects: 0.054100 ms)

========================================================================
Received Prepare
Registering precompiled user dll's ...
Registered in 0.002123 seconds.
Begin MonoManager ReloadAssembly
Native extension for WindowsStandalone target not found
Refreshing native plugins compatible for Editor in 0.46 ms, found 1 plugins.
Preloading 0 native plugins for Editor in 0.00 ms.
Mono: successfully reloaded assembly
- Completed reload, in  0.743 seconds
Platform modules already initialized, skipping
Refreshing native plugins compatible for Editor in 0.48 ms, found 1 plugins.
Preloading 0 native plugins for Editor in 0.00 ms.
Unloading 2723 Unused Serialized files (Serialized files now loaded: 0)
System memory in use before: 104.8 MB.
System memory in use after: 105.0 MB.

Unloading 9 unused Assets to reduce memory usage. Loaded Objects now: 3260.
Total: 1.988300 ms (FindLiveObjects: 0.228600 ms CreateObjectMapping: 0.129600 ms MarkObjects: 1.615800 ms  DeleteObjects: 0.013400 ms)

========================================================================
Received Prepare
Registering precompiled user dll's ...
Registered in 0.002572 seconds.
Begin MonoManager ReloadAssembly
Native extension for WindowsStandalone target not found
Refreshing native plugins compatible for Editor in 0.46 ms, found 1 plugins.
Preloading 0 native plugins for Editor in 0.00 ms.
Mono: successfully reloaded assembly
- Completed reload, in  0.722 seconds
Platform modules already initialized, skipping
Refreshing native plugins compatible for Editor in 0.52 ms, found 1 plugins.
Preloading 0 native plugins for Editor in 0.00 ms.
Unloading 2723 Unused Serialized files (Serialized files now loaded: 0)
System memory in use before: 104.8 MB.
System memory in use after: 105.0 MB.

Unloading 9 unused Assets to reduce memory usage. Loaded Objects now: 3263.
Total: 1.989700 ms (FindLiveObjects: 0.304000 ms CreateObjectMapping: 0.120600 ms MarkObjects: 1.550800 ms  DeleteObjects: 0.013000 ms)

========================================================================
Received Prepare
Registering precompiled user dll's ...
Registered in 0.002085 seconds.
Begin MonoManager ReloadAssembly
Native extension for WindowsStandalone target not found
Refreshing native plugins compatible for Editor in 0.47 ms, found 1 plugins.
Preloading 0 native plugins for Editor in 0.00 ms.
Mono: successfully reloaded assembly
- Completed reload, in  0.757 seconds
Platform modules already initialized, skipping
Refreshing native plugins compatible for Editor in 0.49 ms, found 1 plugins.
Preloading 0 native plugins for Editor in 0.00 ms.
Unloading 2723 Unused Serialized files (Serialized files now loaded: 0)
System memory in use before: 104.8 MB.
System memory in use after: 105.0 MB.

Unloading 9 unused Assets to reduce memory usage. Loaded Objects now: 3266.
Total: 2.019700 ms (FindLiveObjects: 0.209200 ms CreateObjectMapping: 0.116200 ms MarkObjects: 1.678600 ms  DeleteObjects: 0.014700 ms)

========================================================================
Received Prepare
Registering precompiled user dll's ...
Registered in 0.002305 seconds.
Begin MonoManager ReloadAssembly
Native extension for WindowsStandalone target not found
Refreshing native plugins compatible for Editor in 0.45 ms, found 1 plugins.
Preloading 0 native plugins for Editor in 0.00 ms.
Mono: successfully reloaded assembly
- Completed reload, in  0.782 seconds
Platform modules already initialized, skipping
Refreshing native plugins compatible for Editor in 0.53 ms, found 1 plugins.
Preloading 0 native plugins for Editor in 0.00 ms.
Unloading 2723 Unused Serialized files (Serialized files now loaded: 0)
System memory in use before: 104.9 MB.
System memory in use after: 105.1 MB.

Unloading 9 unused Assets to reduce memory usage. Loaded Objects now: 3269.
Total: 1.809100 ms (FindLiveObjects: 0.194800 ms CreateObjectMapping: 0.105700 ms MarkObjects: 1.496000 ms  DeleteObjects: 0.011700 ms)

========================================================================
Received Prepare
Registering precompiled user dll's ...
Registered in 0.002203 seconds.
Begin MonoManager ReloadAssembly
Native extension for WindowsStandalone target not found
Refreshing native plugins compatible for Editor in 0.46 ms, found 1 plugins.
Preloading 0 native plugins for Editor in 0.00 ms.
Mono: successfully reloaded assembly
- Completed reload, in  0.780 seconds
Platform modules already initialized, skipping
Refreshing native plugins compatible for Editor in 0.74 ms, found 1 plugins.
Preloading 0 native plugins for Editor in 0.00 ms.
Unloading 2723 Unused Serialized files (Serialized files now loaded: 0)
System memory in use before: 104.9 MB.
System memory in use after: 105.1 MB.

Unloading 9 unused Assets to reduce memory usage. Loaded Objects now: 3272.
Total: 2.653000 ms (FindLiveObjects: 0.264800 ms CreateObjectMapping: 0.183900 ms MarkObjects: 2.181700 ms  DeleteObjects: 0.021400 ms)

========================================================================
Received Prepare
Registering precompiled user dll's ...
Registered in 0.002532 seconds.
Begin MonoManager ReloadAssembly
Native extension for WindowsStandalone target not found
Refreshing native plugins compatible for Editor in 3.96 ms, found 1 plugins.
Preloading 0 native plugins for Editor in 0.00 ms.
Mono: successfully reloaded assembly
- Completed reload, in  0.981 seconds
Platform modules already initialized, skipping
Refreshing native plugins compatible for Editor in 0.52 ms, found 1 plugins.
Preloading 0 native plugins for Editor in 0.00 ms.
Unloading 2723 Unused Serialized files (Serialized files now loaded: 0)
System memory in use before: 104.9 MB.
System memory in use after: 105.1 MB.

Unloading 9 unused Assets to reduce memory usage. Loaded Objects now: 3275.
Total: 2.219400 ms (FindLiveObjects: 0.268800 ms CreateObjectMapping: 0.147600 ms MarkObjects: 1.775000 ms  DeleteObjects: 0.026500 ms)

========================================================================
Received Prepare
Registering precompiled user dll's ...
Registered in 0.002364 seconds.
Begin MonoManager ReloadAssembly
Native extension for WindowsStandalone target not found
Refreshing native plugins compatible for Editor in 0.48 ms, found 1 plugins.
Preloading 0 native plugins for Editor in 0.00 ms.
Mono: successfully reloaded assembly
- Completed reload, in  0.738 seconds
Platform modules already initialized, skipping
Refreshing native plugins compatible for Editor in 0.48 ms, found 1 plugins.
Preloading 0 native plugins for Editor in 0.00 ms.
Unloading 2723 Unused Serialized files (Serialized files now loaded: 0)
System memory in use before: 104.9 MB.
System memory in use after: 105.1 MB.

Unloading 9 unused Assets to reduce memory usage. Loaded Objects now: 3278.
Total: 1.820400 ms (FindLiveObjects: 0.206700 ms CreateObjectMapping: 0.114900 ms MarkObjects: 1.484600 ms  DeleteObjects: 0.013400 ms)

========================================================================
Received Prepare
Registering precompiled user dll's ...
Registered in 0.002119 seconds.
Begin MonoManager ReloadAssembly
Native extension for WindowsStandalone target not found
Refreshing native plugins compatible for Editor in 0.47 ms, found 1 plugins.
Preloading 0 native plugins for Editor in 0.00 ms.
Mono: successfully reloaded assembly
- Completed reload, in  0.744 seconds
Platform modules already initialized, skipping
Refreshing native plugins compatible for Editor in 0.58 ms, found 1 plugins.
Preloading 0 native plugins for Editor in 0.00 ms.
Unloading 2723 Unused Serialized files (Serialized files now loaded: 0)
System memory in use before: 104.9 MB.
System memory in use after: 105.2 MB.

Unloading 9 unused Assets to reduce memory usage. Loaded Objects now: 3281.
Total: 2.327400 ms (FindLiveObjects: 0.217700 ms CreateObjectMapping: 0.141000 ms MarkObjects: 1.950100 ms  DeleteObjects: 0.017400 ms)

========================================================================
Received Prepare
Registering precompiled user dll's ...
Registered in 0.002066 seconds.
Begin MonoManager ReloadAssembly
Native extension for WindowsStandalone target not found
Refreshing native plugins compatible for Editor in 0.49 ms, found 1 plugins.
Preloading 0 native plugins for Editor in 0.00 ms.
Mono: successfully reloaded assembly
- Completed reload, in  0.767 seconds
Platform modules already initialized, skipping
Refreshing native plugins compatible for Editor in 0.48 ms, found 1 plugins.
Preloading 0 native plugins for Editor in 0.00 ms.
Unloading 2723 Unused Serialized files (Serialized files now loaded: 0)
System memory in use before: 104.9 MB.
System memory in use after: 105.2 MB.

Unloading 9 unused Assets to reduce memory usage. Loaded Objects now: 3284.
Total: 2.504100 ms (FindLiveObjects: 0.570600 ms CreateObjectMapping: 0.312100 ms MarkObjects: 1.598700 ms  DeleteObjects: 0.021500 ms)

========================================================================
Received Prepare
Registering precompiled user dll's ...
Registered in 0.002130 seconds.
Begin MonoManager ReloadAssembly
Native extension for WindowsStandalone target not found
Refreshing native plugins compatible for Editor in 0.48 ms, found 1 plugins.
Preloading 0 native plugins for Editor in 0.00 ms.
Mono: successfully reloaded assembly
- Completed reload, in  0.738 seconds
Platform modules already initialized, skipping
Refreshing native plugins compatible for Editor in 0.49 ms, found 1 plugins.
Preloading 0 native plugins for Editor in 0.00 ms.
Unloading 2723 Unused Serialized files (Serialized files now loaded: 0)
System memory in use before: 104.9 MB.
System memory in use after: 105.2 MB.

Unloading 9 unused Assets to reduce memory usage. Loaded Objects now: 3287.
Total: 1.920000 ms (FindLiveObjects: 0.242600 ms CreateObjectMapping: 0.126500 ms MarkObjects: 1.535700 ms  DeleteObjects: 0.014300 ms)

========================================================================
Received Prepare
Registering precompiled user dll's ...
Registered in 0.002172 seconds.
Begin MonoManager ReloadAssembly
Native extension for WindowsStandalone target not found
Refreshing native plugins compatible for Editor in 0.46 ms, found 1 plugins.
Preloading 0 native plugins for Editor in 0.00 ms.
Mono: successfully reloaded assembly
- Completed reload, in  0.721 seconds
Platform modules already initialized, skipping
Refreshing native plugins compatible for Editor in 0.46 ms, found 1 plugins.
Preloading 0 native plugins for Editor in 0.00 ms.
Unloading 2723 Unused Serialized files (Serialized files now loaded: 0)
System memory in use before: 105.0 MB.
System memory in use after: 105.2 MB.

Unloading 9 unused Assets to reduce memory usage. Loaded Objects now: 3290.
Total: 1.773700 ms (FindLiveObjects: 0.207400 ms CreateObjectMapping: 0.117700 ms MarkObjects: 1.436600 ms  DeleteObjects: 0.011100 ms)

========================================================================
Received Prepare
Registering precompiled user dll's ...
Registered in 0.002162 seconds.
Begin MonoManager ReloadAssembly
Native extension for WindowsStandalone target not found
Refreshing native plugins compatible for Editor in 0.55 ms, found 1 plugins.
Preloading 0 native plugins for Editor in 0.00 ms.
Mono: successfully reloaded assembly
- Completed reload, in  0.727 seconds
Platform modules already initialized, skipping
Refreshing native plugins compatible for Editor in 1.42 ms, found 1 plugins.
Preloading 0 native plugins for Editor in 0.00 ms.
Unloading 2723 Unused Serialized files (Serialized files now loaded: 0)
System memory in use before: 105.0 MB.
System memory in use after: 105.2 MB.

Unloading 9 unused Assets to reduce memory usage. Loaded Objects now: 3293.
Total: 3.315400 ms (FindLiveObjects: 0.388100 ms CreateObjectMapping: 0.215800 ms MarkObjects: 2.667700 ms  DeleteObjects: 0.041900 ms)

========================================================================
Received Prepare
Registering precompiled user dll's ...
Registered in 0.002281 seconds.
Begin MonoManager ReloadAssembly
Native extension for WindowsStandalone target not found
Refreshing native plugins compatible for Editor in 0.49 ms, found 1 plugins.
Preloading 0 native plugins for Editor in 0.00 ms.
Mono: successfully reloaded assembly
- Completed reload, in  0.824 seconds
Platform modules already initialized, skipping
Refreshing native plugins compatible for Editor in 0.50 ms, found 1 plugins.
Preloading 0 native plugins for Editor in 0.00 ms.
Unloading 2723 Unused Serialized files (Serialized files now loaded: 0)
System memory in use before: 105.0 MB.
System memory in use after: 105.2 MB.

Unloading 9 unused Assets to reduce memory usage. Loaded Objects now: 3296.
Total: 1.873300 ms (FindLiveObjects: 0.210600 ms CreateObjectMapping: 0.121600 ms MarkObjects: 1.464900 ms  DeleteObjects: 0.075300 ms)

========================================================================
Received Prepare
Registering precompiled user dll's ...
Registered in 0.002077 seconds.
Begin MonoManager ReloadAssembly
Native extension for WindowsStandalone target not found
Refreshing native plugins compatible for Editor in 0.46 ms, found 1 plugins.
Preloading 0 native plugins for Editor in 0.00 ms.
Mono: successfully reloaded assembly
- Completed reload, in  0.734 seconds
Platform modules already initialized, skipping
Refreshing native plugins compatible for Editor in 0.49 ms, found 1 plugins.
Preloading 0 native plugins for Editor in 0.00 ms.
Unloading 2723 Unused Serialized files (Serialized files now loaded: 0)
System memory in use before: 105.0 MB.
System memory in use after: 105.2 MB.

Unloading 9 unused Assets to reduce memory usage. Loaded Objects now: 3299.
Total: 1.849800 ms (FindLiveObjects: 0.192500 ms CreateObjectMapping: 0.104000 ms MarkObjects: 1.541400 ms  DeleteObjects: 0.010900 ms)

========================================================================
Received Import Request.
  Time since last request: 6126.265538 seconds.
  path: Assets/Prefabs/Swordsman.prefab
  artifactKey: Guid(dd47fdee2a80b784e9b2888f9fd7bea1) Importer(815301076,1909f56bfc062723c751e8b465ee728b)
Start importing Assets/Prefabs/Swordsman.prefab using Guid(dd47fdee2a80b784e9b2888f9fd7bea1) Importer(815301076,1909f56bfc062723c751e8b465ee728b)  -> (artifact id: '670a59878ac49db728077ef5efd49421') in 0.149288 seconds 
========================================================================
Received Prepare
Registering precompiled user dll's ...
Registered in 0.002226 seconds.
Begin MonoManager ReloadAssembly
Native extension for WindowsStandalone target not found
Refreshing native plugins compatible for Editor in 0.56 ms, found 1 plugins.
Preloading 0 native plugins for Editor in 0.00 ms.
Mono: successfully reloaded assembly
- Completed reload, in  0.783 seconds
Platform modules already initialized, skipping
Refreshing native plugins compatible for Editor in 0.57 ms, found 1 plugins.
Preloading 0 native plugins for Editor in 0.00 ms.
Unloading 2723 Unused Serialized files (Serialized files now loaded: 0)
System memory in use before: 105.0 MB.
System memory in use after: 105.3 MB.

Unloading 10 unused Assets to reduce memory usage. Loaded Objects now: 3305.
Total: 2.241200 ms (FindLiveObjects: 0.356900 ms CreateObjectMapping: 0.205500 ms MarkObjects: 1.661300 ms  DeleteObjects: 0.016800 ms)

========================================================================
Received Import Request.
  Time since last request: 38.396196 seconds.
  path: Assets/Prefabs/Swordsman.prefab
  artifactKey: Guid(dd47fdee2a80b784e9b2888f9fd7bea1) Importer(815301076,1909f56bfc062723c751e8b465ee728b)
Start importing Assets/Prefabs/Swordsman.prefab using Guid(dd47fdee2a80b784e9b2888f9fd7bea1) Importer(815301076,1909f56bfc062723c751e8b465ee728b)  -> (artifact id: '67ec6f20dba059bafc7a3d5c62d414e3') in 0.055546 seconds 
========================================================================
Received Prepare
Registering precompiled user dll's ...
Registered in 0.002246 seconds.
Begin MonoManager ReloadAssembly
Native extension for WindowsStandalone target not found
Refreshing native plugins compatible for Editor in 0.46 ms, found 1 plugins.
Preloading 0 native plugins for Editor in 0.00 ms.
Mono: successfully reloaded assembly
- Completed reload, in  0.775 seconds
Platform modules already initialized, skipping
Refreshing native plugins compatible for Editor in 0.50 ms, found 1 plugins.
Preloading 0 native plugins for Editor in 0.00 ms.
Unloading 2723 Unused Serialized files (Serialized files now loaded: 0)
System memory in use before: 105.0 MB.
System memory in use after: 105.3 MB.

Unloading 10 unused Assets to reduce memory usage. Loaded Objects now: 3309.
Total: 2.166900 ms (FindLiveObjects: 0.231500 ms CreateObjectMapping: 0.125700 ms MarkObjects: 1.790600 ms  DeleteObjects: 0.018400 ms)

========================================================================
Received Import Request.
  Time since last request: 702.571126 seconds.
  path: Assets/Prefabs/Enemy.prefab
  artifactKey: Guid(37bb71c2ff96c564db83d6ec046a04e0) Importer(815301076,1909f56bfc062723c751e8b465ee728b)
Start importing Assets/Prefabs/Enemy.prefab using Guid(37bb71c2ff96c564db83d6ec046a04e0) Importer(815301076,1909f56bfc062723c751e8b465ee728b)  -> (artifact id: '1c9e38f80ae2c8599412d08c86f2fcf5') in 0.050998 seconds 
========================================================================
Received Import Request.
  Time since last request: 7.282160 seconds.
  path: Assets/Prefabs/Swordsman.prefab
  artifactKey: Guid(dd47fdee2a80b784e9b2888f9fd7bea1) Importer(815301076,1909f56bfc062723c751e8b465ee728b)
Start importing Assets/Prefabs/Swordsman.prefab using Guid(dd47fdee2a80b784e9b2888f9fd7bea1) Importer(815301076,1909f56bfc062723c751e8b465ee728b)  -> (artifact id: 'c49a03840b0ab17f2261a5f019c049c5') in 0.015651 seconds 
========================================================================
Received Import Request.
  Time since last request: 7.677651 seconds.
  path: Assets/Prefabs/Swordsman.prefab
  artifactKey: Guid(dd47fdee2a80b784e9b2888f9fd7bea1) Importer(815301076,1909f56bfc062723c751e8b465ee728b)
Start importing Assets/Prefabs/Swordsman.prefab using Guid(dd47fdee2a80b784e9b2888f9fd7bea1) Importer(815301076,1909f56bfc062723c751e8b465ee728b)  -> (artifact id: '9a9cae9d649730bc52c8f087ec7e46bd') in 0.008689 seconds 
========================================================================
Received Prepare
Registering precompiled user dll's ...
Registered in 0.002116 seconds.
Begin MonoManager ReloadAssembly
Native extension for WindowsStandalone target not found
Refreshing native plugins compatible for Editor in 0.46 ms, found 1 plugins.
Preloading 0 native plugins for Editor in 0.00 ms.
Mono: successfully reloaded assembly
- Completed reload, in  0.800 seconds
Platform modules already initialized, skipping
Refreshing native plugins compatible for Editor in 0.52 ms, found 1 plugins.
Preloading 0 native plugins for Editor in 0.00 ms.
Unloading 2723 Unused Serialized files (Serialized files now loaded: 0)
System memory in use before: 105.1 MB.
System memory in use after: 105.3 MB.

Unloading 10 unused Assets to reduce memory usage. Loaded Objects now: 3313.
Total: 2.274200 ms (FindLiveObjects: 0.227200 ms CreateObjectMapping: 0.129100 ms MarkObjects: 1.890300 ms  DeleteObjects: 0.026400 ms)

========================================================================
Received Prepare
Registering precompiled user dll's ...
Registered in 0.002136 seconds.
Begin MonoManager ReloadAssembly
Native extension for WindowsStandalone target not found
Refreshing native plugins compatible for Editor in 0.46 ms, found 1 plugins.
Preloading 0 native plugins for Editor in 0.00 ms.
Mono: successfully reloaded assembly
- Completed reload, in  0.741 seconds
Platform modules already initialized, skipping
Refreshing native plugins compatible for Editor in 0.48 ms, found 1 plugins.
Preloading 0 native plugins for Editor in 0.00 ms.
Unloading 2723 Unused Serialized files (Serialized files now loaded: 0)
System memory in use before: 105.1 MB.
System memory in use after: 105.3 MB.

Unloading 9 unused Assets to reduce memory usage. Loaded Objects now: 3316.
Total: 1.907800 ms (FindLiveObjects: 0.212700 ms CreateObjectMapping: 0.123500 ms MarkObjects: 1.558700 ms  DeleteObjects: 0.012400 ms)

========================================================================
Received Prepare
Registering precompiled user dll's ...
Registered in 0.002386 seconds.
Begin MonoManager ReloadAssembly
Native extension for WindowsStandalone target not found
Refreshing native plugins compatible for Editor in 0.45 ms, found 1 plugins.
Preloading 0 native plugins for Editor in 0.00 ms.
Mono: successfully reloaded assembly
- Completed reload, in  0.721 seconds
Platform modules already initialized, skipping
Refreshing native plugins compatible for Editor in 0.45 ms, found 1 plugins.
Preloading 0 native plugins for Editor in 0.00 ms.
Unloading 2723 Unused Serialized files (Serialized files now loaded: 0)
System memory in use before: 105.1 MB.
System memory in use after: 105.3 MB.

Unloading 9 unused Assets to reduce memory usage. Loaded Objects now: 3319.
Total: 1.793400 ms (FindLiveObjects: 0.203600 ms CreateObjectMapping: 0.113100 ms MarkObjects: 1.464600 ms  DeleteObjects: 0.011200 ms)

========================================================================
Received Import Request.
  Time since last request: 1354.855877 seconds.
  path: Assets/Materials/0c4a35590e197fd.png
  artifactKey: Guid(ae9fddd877d1fc34ea3f6e9e51adb2ce) Importer(815301076,1909f56bfc062723c751e8b465ee728b)
Start importing Assets/Materials/0c4a35590e197fd.png using Guid(ae9fddd877d1fc34ea3f6e9e51adb2ce) Importer(815301076,1909f56bfc062723c751e8b465ee728b)  -> (artifact id: '0f3c5a712602a808be5352dba8fd3563') in 0.042272 seconds 
========================================================================
Received Import Request.
  Time since last request: 0.000219 seconds.
  path: Assets/Materials/efa97e602848fba.png
  artifactKey: Guid(6f42d5f0e15fef54181f19b7095021f6) Importer(815301076,1909f56bfc062723c751e8b465ee728b)
Start importing Assets/Materials/efa97e602848fba.png using Guid(6f42d5f0e15fef54181f19b7095021f6) Importer(815301076,1909f56bfc062723c751e8b465ee728b)  -> (artifact id: 'ce1c9b5497c5cb5ac9a3a3fca11f9d5d') in 0.012340 seconds 
========================================================================
Received Import Request.
  Time since last request: 276.208773 seconds.
  path: Assets/Texture/Materials
  artifactKey: Guid(ae300ec80d667b648a5266be2417f3db) Importer(815301076,1909f56bfc062723c751e8b465ee728b)
Start importing Assets/Texture/Materials using Guid(ae300ec80d667b648a5266be2417f3db) Importer(815301076,1909f56bfc062723c751e8b465ee728b)  -> (artifact id: '7fb2e0e1665ab816d8ed10444dba5bb7') in 0.009488 seconds 
========================================================================
Received Import Request.
  Time since last request: 0.039855 seconds.
  path: Assets/Texture/Materials/Frame1.mat
  artifactKey: Guid(34156a99535a3d74d9c2f60478df4c94) Importer(815301076,1909f56bfc062723c751e8b465ee728b)
Start importing Assets/Texture/Materials/Frame1.mat using Guid(34156a99535a3d74d9c2f60478df4c94) Importer(815301076,1909f56bfc062723c751e8b465ee728b)  -> (artifact id: 'f4e2ee11cb5aa77e108999d90f9aba6c') in 0.049344 seconds 
========================================================================
Received Import Request.
  Time since last request: 140.254316 seconds.
  path: Assets/Texture/Frame1 1.psd
  artifactKey: Guid(d282b67ed3bc85147a29be8ac463bbb9) Importer(815301076,1909f56bfc062723c751e8b465ee728b)
Start importing Assets/Texture/Frame1 1.psd using Guid(d282b67ed3bc85147a29be8ac463bbb9) Importer(815301076,1909f56bfc062723c751e8b465ee728b)  -> (artifact id: '9bac56696f0e8b21f0f93a436878198a') in 0.036319 seconds 
========================================================================
Received Import Request.
  Time since last request: 4.419430 seconds.
  path: Assets/Texture/Frame1 1.psd
  artifactKey: Guid(d282b67ed3bc85147a29be8ac463bbb9) Importer(815301076,1909f56bfc062723c751e8b465ee728b)
Start importing Assets/Texture/Frame1 1.psd using Guid(d282b67ed3bc85147a29be8ac463bbb9) Importer(815301076,1909f56bfc062723c751e8b465ee728b)  -> (artifact id: '061ac29002747e35b041653ec73fd3ef') in 0.028822 seconds 
========================================================================
Received Import Request.
  Time since last request: 14.971036 seconds.
  path: Assets/Materials/Frame.mat
  artifactKey: Guid(34156a99535a3d74d9c2f60478df4c94) Importer(815301076,1909f56bfc062723c751e8b465ee728b)
Start importing Assets/Materials/Frame.mat using Guid(34156a99535a3d74d9c2f60478df4c94) Importer(815301076,1909f56bfc062723c751e8b465ee728b)  -> (artifact id: '2db073ee790482cdfcb0b3e5da4b1d1d') in 0.018791 seconds 
========================================================================
Received Import Request.
  Time since last request: 0.000270 seconds.
  path: Assets/Materials/Ground 1.mat
  artifactKey: Guid(6624490fe379ba342b16ba92d8087fbb) Importer(815301076,1909f56bfc062723c751e8b465ee728b)
Start importing Assets/Materials/Ground 1.mat using Guid(6624490fe379ba342b16ba92d8087fbb) Importer(815301076,1909f56bfc062723c751e8b465ee728b)  -> (artifact id: 'a62322328a31b3f2ffb210f88fc7c084') in 0.023522 seconds 
========================================================================
Received Import Request.
  Time since last request: 0.000260 seconds.
  path: Assets/Materials/Ground.mat
  artifactKey: Guid(c0632fc9df457f746b4269b41d883ba1) Importer(815301076,1909f56bfc062723c751e8b465ee728b)
Start importing Assets/Materials/Ground.mat using Guid(c0632fc9df457f746b4269b41d883ba1) Importer(815301076,1909f56bfc062723c751e8b465ee728b)  -> (artifact id: '4506c78aabec2c08974cbcf2e7e54b8b') in 0.017343 seconds 
========================================================================
Received Import Request.
  Time since last request: 304.920855 seconds.
  path: Assets/Materials/Frame.mat
  artifactKey: Guid(34156a99535a3d74d9c2f60478df4c94) Importer(815301076,1909f56bfc062723c751e8b465ee728b)
Start importing Assets/Materials/Frame.mat using Guid(34156a99535a3d74d9c2f60478df4c94) Importer(815301076,1909f56bfc062723c751e8b465ee728b)  -> (artifact id: '8d84a33580897d01f8e27fac6e443b6c') in 0.017504 seconds 
========================================================================
Received Import Request.
  Time since last request: 71.719358 seconds.
  path: Assets/Materials/Cells.mat
  artifactKey: Guid(6624490fe379ba342b16ba92d8087fbb) Importer(815301076,1909f56bfc062723c751e8b465ee728b)
Start importing Assets/Materials/Cells.mat using Guid(6624490fe379ba342b16ba92d8087fbb) Importer(815301076,1909f56bfc062723c751e8b465ee728b)  -> (artifact id: '944e229036508f1fa48ab33b89d751b9') in 0.015299 seconds 
========================================================================
Received Prepare
Registering precompiled user dll's ...
Registered in 0.002503 seconds.
Begin MonoManager ReloadAssembly
Native extension for WindowsStandalone target not found
Refreshing native plugins compatible for Editor in 0.47 ms, found 1 plugins.
Preloading 0 native plugins for Editor in 0.00 ms.
Mono: successfully reloaded assembly
- Completed reload, in  0.795 seconds
Platform modules already initialized, skipping
Refreshing native plugins compatible for Editor in 0.50 ms, found 1 plugins.
Preloading 0 native plugins for Editor in 0.00 ms.
Unloading 2726 Unused Serialized files (Serialized files now loaded: 0)
System memory in use before: 108.8 MB.
System memory in use after: 109.0 MB.

Unloading 9 unused Assets to reduce memory usage. Loaded Objects now: 3416.
Total: 1.999900 ms (FindLiveObjects: 0.225200 ms CreateObjectMapping: 0.113600 ms MarkObjects: 1.645900 ms  DeleteObjects: 0.014600 ms)

========================================================================
Received Prepare
Registering precompiled user dll's ...
Registered in 0.002107 seconds.
Begin MonoManager ReloadAssembly
Native extension for WindowsStandalone target not found
Refreshing native plugins compatible for Editor in 0.50 ms, found 1 plugins.
Preloading 0 native plugins for Editor in 0.00 ms.
Mono: successfully reloaded assembly
- Completed reload, in  0.823 seconds
Platform modules already initialized, skipping
Refreshing native plugins compatible for Editor in 0.54 ms, found 1 plugins.
Preloading 0 native plugins for Editor in 0.00 ms.
Unloading 2723 Unused Serialized files (Serialized files now loaded: 0)
System memory in use before: 108.7 MB.
System memory in use after: 108.9 MB.

Unloading 9 unused Assets to reduce memory usage. Loaded Objects now: 3419.
Total: 2.225500 ms (FindLiveObjects: 0.246900 ms CreateObjectMapping: 0.193000 ms MarkObjects: 1.766600 ms  DeleteObjects: 0.017900 ms)

========================================================================
Received Prepare
Registering precompiled user dll's ...
Registered in 0.002259 seconds.
Begin MonoManager ReloadAssembly
Native extension for WindowsStandalone target not found
Refreshing native plugins compatible for Editor in 0.85 ms, found 1 plugins.
Preloading 0 native plugins for Editor in 0.00 ms.
Mono: successfully reloaded assembly
- Completed reload, in  0.794 seconds
Platform modules already initialized, skipping
Refreshing native plugins compatible for Editor in 0.52 ms, found 1 plugins.
Preloading 0 native plugins for Editor in 0.00 ms.
Unloading 2723 Unused Serialized files (Serialized files now loaded: 0)
System memory in use before: 108.7 MB.
System memory in use after: 108.9 MB.

Unloading 9 unused Assets to reduce memory usage. Loaded Objects now: 3422.
Total: 1.818800 ms (FindLiveObjects: 0.237600 ms CreateObjectMapping: 0.119200 ms MarkObjects: 1.448300 ms  DeleteObjects: 0.012800 ms)

========================================================================
Received Prepare
Registering precompiled user dll's ...
Registered in 0.002121 seconds.
Begin MonoManager ReloadAssembly
Native extension for WindowsStandalone target not found
Refreshing native plugins compatible for Editor in 0.50 ms, found 1 plugins.
Preloading 0 native plugins for Editor in 0.00 ms.
Mono: successfully reloaded assembly
- Completed reload, in  0.763 seconds
Platform modules already initialized, skipping
Refreshing native plugins compatible for Editor in 0.47 ms, found 1 plugins.
Preloading 0 native plugins for Editor in 0.00 ms.
Unloading 2723 Unused Serialized files (Serialized files now loaded: 0)
System memory in use before: 108.7 MB.
System memory in use after: 108.9 MB.

Unloading 9 unused Assets to reduce memory usage. Loaded Objects now: 3425.
Total: 1.857600 ms (FindLiveObjects: 0.199800 ms CreateObjectMapping: 0.100400 ms MarkObjects: 1.543600 ms  DeleteObjects: 0.013000 ms)

========================================================================
Received Prepare
Registering precompiled user dll's ...
Registered in 0.002720 seconds.
Begin MonoManager ReloadAssembly
Native extension for WindowsStandalone target not found
Refreshing native plugins compatible for Editor in 0.47 ms, found 1 plugins.
Preloading 0 native plugins for Editor in 0.00 ms.
Mono: successfully reloaded assembly
- Completed reload, in  0.724 seconds
Platform modules already initialized, skipping
Refreshing native plugins compatible for Editor in 0.47 ms, found 1 plugins.
Preloading 0 native plugins for Editor in 0.00 ms.
Unloading 2723 Unused Serialized files (Serialized files now loaded: 0)
System memory in use before: 108.7 MB.
System memory in use after: 108.9 MB.

Unloading 9 unused Assets to reduce memory usage. Loaded Objects now: 3428.
Total: 2.058600 ms (FindLiveObjects: 0.321400 ms CreateObjectMapping: 0.115800 ms MarkObjects: 1.607900 ms  DeleteObjects: 0.012500 ms)

========================================================================
Received Prepare
Registering precompiled user dll's ...
Registered in 0.002076 seconds.
Begin MonoManager ReloadAssembly
Native extension for WindowsStandalone target not found
Refreshing native plugins compatible for Editor in 0.51 ms, found 1 plugins.
Preloading 0 native plugins for Editor in 0.00 ms.
Mono: successfully reloaded assembly
- Completed reload, in  0.753 seconds
Platform modules already initialized, skipping
Refreshing native plugins compatible for Editor in 0.47 ms, found 1 plugins.
Preloading 0 native plugins for Editor in 0.00 ms.
Unloading 2723 Unused Serialized files (Serialized files now loaded: 0)
System memory in use before: 108.7 MB.
System memory in use after: 108.9 MB.

Unloading 9 unused Assets to reduce memory usage. Loaded Objects now: 3431.
Total: 2.038300 ms (FindLiveObjects: 0.250000 ms CreateObjectMapping: 0.126300 ms MarkObjects: 1.645700 ms  DeleteObjects: 0.015200 ms)

========================================================================
Received Prepare
Registering precompiled user dll's ...
Registered in 0.002103 seconds.
Begin MonoManager ReloadAssembly
Native extension for WindowsStandalone target not found
Refreshing native plugins compatible for Editor in 0.71 ms, found 1 plugins.
Preloading 0 native plugins for Editor in 0.00 ms.
Mono: successfully reloaded assembly
- Completed reload, in  0.761 seconds
Platform modules already initialized, skipping
Refreshing native plugins compatible for Editor in 0.63 ms, found 1 plugins.
Preloading 0 native plugins for Editor in 0.00 ms.
Unloading 2723 Unused Serialized files (Serialized files now loaded: 0)
System memory in use before: 108.7 MB.
System memory in use after: 109.0 MB.

Unloading 9 unused Assets to reduce memory usage. Loaded Objects now: 3434.
Total: 3.646800 ms (FindLiveObjects: 0.339600 ms CreateObjectMapping: 0.591200 ms MarkObjects: 2.688600 ms  DeleteObjects: 0.025600 ms)

========================================================================
Received Prepare
Registering precompiled user dll's ...
Registered in 0.002949 seconds.
Begin MonoManager ReloadAssembly
Native extension for WindowsStandalone target not found
Refreshing native plugins compatible for Editor in 0.45 ms, found 1 plugins.
Preloading 0 native plugins for Editor in 0.00 ms.
Mono: successfully reloaded assembly
- Completed reload, in  0.745 seconds
Platform modules already initialized, skipping
Refreshing native plugins compatible for Editor in 0.52 ms, found 1 plugins.
Preloading 0 native plugins for Editor in 0.00 ms.
Unloading 2723 Unused Serialized files (Serialized files now loaded: 0)
System memory in use before: 108.7 MB.
System memory in use after: 109.0 MB.

Unloading 9 unused Assets to reduce memory usage. Loaded Objects now: 3437.
Total: 1.819600 ms (FindLiveObjects: 0.199400 ms CreateObjectMapping: 0.100100 ms MarkObjects: 1.507900 ms  DeleteObjects: 0.011500 ms)

========================================================================
Received Prepare
Registering precompiled user dll's ...
Registered in 0.002127 seconds.
Begin MonoManager ReloadAssembly
Native extension for WindowsStandalone target not found
Refreshing native plugins compatible for Editor in 0.49 ms, found 1 plugins.
Preloading 0 native plugins for Editor in 0.00 ms.
Mono: successfully reloaded assembly
- Completed reload, in  0.751 seconds
Platform modules already initialized, skipping
Refreshing native plugins compatible for Editor in 0.61 ms, found 1 plugins.
Preloading 0 native plugins for Editor in 0.00 ms.
Unloading 2723 Unused Serialized files (Serialized files now loaded: 0)
System memory in use before: 108.7 MB.
System memory in use after: 109.0 MB.

Unloading 9 unused Assets to reduce memory usage. Loaded Objects now: 3440.
Total: 2.157700 ms (FindLiveObjects: 0.229000 ms CreateObjectMapping: 0.110700 ms MarkObjects: 1.801400 ms  DeleteObjects: 0.015300 ms)

========================================================================
Received Prepare
Registering precompiled user dll's ...
Registered in 0.002605 seconds.
Begin MonoManager ReloadAssembly
Native extension for WindowsStandalone target not found
Refreshing native plugins compatible for Editor in 1.73 ms, found 1 plugins.
Preloading 0 native plugins for Editor in 0.00 ms.
Mono: successfully reloaded assembly
- Completed reload, in  0.927 seconds
Platform modules already initialized, skipping
Refreshing native plugins compatible for Editor in 0.56 ms, found 1 plugins.
Preloading 0 native plugins for Editor in 0.00 ms.
Unloading 2723 Unused Serialized files (Serialized files now loaded: 0)
System memory in use before: 108.8 MB.
System memory in use after: 109.0 MB.

Unloading 9 unused Assets to reduce memory usage. Loaded Objects now: 3443.
Total: 2.269900 ms (FindLiveObjects: 0.269300 ms CreateObjectMapping: 0.141100 ms MarkObjects: 1.840200 ms  DeleteObjects: 0.018400 ms)

========================================================================
Received Prepare
Registering precompiled user dll's ...
Registered in 0.002247 seconds.
Begin MonoManager ReloadAssembly
Native extension for WindowsStandalone target not found
Refreshing native plugins compatible for Editor in 0.46 ms, found 1 plugins.
Preloading 0 native plugins for Editor in 0.00 ms.
Mono: successfully reloaded assembly
- Completed reload, in  0.767 seconds
Platform modules already initialized, skipping
Refreshing native plugins compatible for Editor in 0.67 ms, found 1 plugins.
Preloading 0 native plugins for Editor in 0.00 ms.
Unloading 2723 Unused Serialized files (Serialized files now loaded: 0)
System memory in use before: 108.8 MB.
System memory in use after: 109.0 MB.

Unloading 9 unused Assets to reduce memory usage. Loaded Objects now: 3446.
Total: 2.378900 ms (FindLiveObjects: 0.256800 ms CreateObjectMapping: 0.145000 ms MarkObjects: 1.950200 ms  DeleteObjects: 0.025500 ms)

========================================================================
Received Prepare
Registering precompiled user dll's ...
Registered in 0.002491 seconds.
Begin MonoManager ReloadAssembly
Native extension for WindowsStandalone target not found
Refreshing native plugins compatible for Editor in 0.48 ms, found 1 plugins.
Preloading 0 native plugins for Editor in 0.00 ms.
Mono: successfully reloaded assembly
- Completed reload, in  0.782 seconds
Platform modules already initialized, skipping
Refreshing native plugins compatible for Editor in 0.49 ms, found 1 plugins.
Preloading 0 native plugins for Editor in 0.00 ms.
Unloading 2723 Unused Serialized files (Serialized files now loaded: 0)
System memory in use before: 108.8 MB.
System memory in use after: 109.0 MB.

Unloading 9 unused Assets to reduce memory usage. Loaded Objects now: 3449.
Total: 1.885700 ms (FindLiveObjects: 0.207100 ms CreateObjectMapping: 0.107300 ms MarkObjects: 1.559000 ms  DeleteObjects: 0.011600 ms)

========================================================================
Received Prepare
Registering precompiled user dll's ...
Registered in 0.002119 seconds.
Begin MonoManager ReloadAssembly
Native extension for WindowsStandalone target not found
Refreshing native plugins compatible for Editor in 0.50 ms, found 1 plugins.
Preloading 0 native plugins for Editor in 0.00 ms.
Mono: successfully reloaded assembly
- Completed reload, in  0.734 seconds
Platform modules already initialized, skipping
Refreshing native plugins compatible for Editor in 0.45 ms, found 1 plugins.
Preloading 0 native plugins for Editor in 0.00 ms.
Unloading 2723 Unused Serialized files (Serialized files now loaded: 0)
System memory in use before: 108.8 MB.
System memory in use after: 109.1 MB.

Unloading 9 unused Assets to reduce memory usage. Loaded Objects now: 3452.
Total: 1.839800 ms (FindLiveObjects: 0.215000 ms CreateObjectMapping: 0.110500 ms MarkObjects: 1.502000 ms  DeleteObjects: 0.011700 ms)

========================================================================
Received Prepare
Registering precompiled user dll's ...
Registered in 0.002332 seconds.
Begin MonoManager ReloadAssembly
Native extension for WindowsStandalone target not found
Refreshing native plugins compatible for Editor in 0.49 ms, found 1 plugins.
Preloading 0 native plugins for Editor in 0.00 ms.
Mono: successfully reloaded assembly
- Completed reload, in  0.746 seconds
Platform modules already initialized, skipping
Refreshing native plugins compatible for Editor in 0.46 ms, found 1 plugins.
Preloading 0 native plugins for Editor in 0.00 ms.
Unloading 2723 Unused Serialized files (Serialized files now loaded: 0)
System memory in use before: 108.8 MB.
System memory in use after: 109.1 MB.

Unloading 9 unused Assets to reduce memory usage. Loaded Objects now: 3455.
Total: 1.957400 ms (FindLiveObjects: 0.220800 ms CreateObjectMapping: 0.124100 ms MarkObjects: 1.594500 ms  DeleteObjects: 0.017200 ms)

========================================================================
Received Prepare
Registering precompiled user dll's ...
Registered in 0.002271 seconds.
Begin MonoManager ReloadAssembly
Native extension for WindowsStandalone target not found
Refreshing native plugins compatible for Editor in 0.46 ms, found 1 plugins.
Preloading 0 native plugins for Editor in 0.00 ms.
Mono: successfully reloaded assembly
- Completed reload, in  0.762 seconds
Platform modules already initialized, skipping
Refreshing native plugins compatible for Editor in 0.50 ms, found 1 plugins.
Preloading 0 native plugins for Editor in 0.00 ms.
Unloading 2723 Unused Serialized files (Serialized files now loaded: 0)
System memory in use before: 108.8 MB.
System memory in use after: 109.1 MB.

Unloading 9 unused Assets to reduce memory usage. Loaded Objects now: 3458.
Total: 2.129600 ms (FindLiveObjects: 0.257800 ms CreateObjectMapping: 0.146700 ms MarkObjects: 1.703300 ms  DeleteObjects: 0.020700 ms)

========================================================================
Received Prepare
Registering precompiled user dll's ...
Registered in 0.002147 seconds.
Begin MonoManager ReloadAssembly
Native extension for WindowsStandalone target not found
Refreshing native plugins compatible for Editor in 0.46 ms, found 1 plugins.
Preloading 0 native plugins for Editor in 0.00 ms.
Mono: successfully reloaded assembly
- Completed reload, in  0.770 seconds
Platform modules already initialized, skipping
Refreshing native plugins compatible for Editor in 0.58 ms, found 1 plugins.
Preloading 0 native plugins for Editor in 0.00 ms.
Unloading 2723 Unused Serialized files (Serialized files now loaded: 0)
System memory in use before: 108.9 MB.
System memory in use after: 109.1 MB.

Unloading 9 unused Assets to reduce memory usage. Loaded Objects now: 3461.
Total: 2.985800 ms (FindLiveObjects: 0.272000 ms CreateObjectMapping: 0.128200 ms MarkObjects: 2.561100 ms  DeleteObjects: 0.023400 ms)

========================================================================
Received Prepare
Registering precompiled user dll's ...
Registered in 0.002310 seconds.
Begin MonoManager ReloadAssembly
Native extension for WindowsStandalone target not found
Refreshing native plugins compatible for Editor in 0.69 ms, found 1 plugins.
Preloading 0 native plugins for Editor in 0.00 ms.
Mono: successfully reloaded assembly
- Completed reload, in  0.905 seconds
Platform modules already initialized, skipping
Refreshing native plugins compatible for Editor in 0.57 ms, found 1 plugins.
Preloading 0 native plugins for Editor in 0.00 ms.
Unloading 2723 Unused Serialized files (Serialized files now loaded: 0)
System memory in use before: 108.9 MB.
System memory in use after: 109.1 MB.

Unloading 9 unused Assets to reduce memory usage. Loaded Objects now: 3464.
Total: 2.275900 ms (FindLiveObjects: 0.316300 ms CreateObjectMapping: 0.172200 ms MarkObjects: 1.772100 ms  DeleteObjects: 0.014200 ms)

========================================================================
Received Prepare
Registering precompiled user dll's ...
Registered in 0.002268 seconds.
Begin MonoManager ReloadAssembly
Native extension for WindowsStandalone target not found
Refreshing native plugins compatible for Editor in 0.47 ms, found 1 plugins.
Preloading 0 native plugins for Editor in 0.00 ms.
Mono: successfully reloaded assembly
- Completed reload, in  0.745 seconds
Platform modules already initialized, skipping
Refreshing native plugins compatible for Editor in 0.97 ms, found 1 plugins.
Preloading 0 native plugins for Editor in 0.00 ms.
Unloading 2721 Unused Serialized files (Serialized files now loaded: 0)
System memory in use before: 108.8 MB.
System memory in use after: 109.0 MB.

Unloading 11 unused Assets to reduce memory usage. Loaded Objects now: 3465.
Total: 2.368000 ms (FindLiveObjects: 0.335200 ms CreateObjectMapping: 0.151000 ms MarkObjects: 1.862300 ms  DeleteObjects: 0.017500 ms)

========================================================================
Received Prepare
Registering precompiled user dll's ...
Registered in 0.002125 seconds.
Begin MonoManager ReloadAssembly
Native extension for WindowsStandalone target not found
Refreshing native plugins compatible for Editor in 0.67 ms, found 1 plugins.
Preloading 0 native plugins for Editor in 0.00 ms.
Mono: successfully reloaded assembly
- Completed reload, in  0.837 seconds
Platform modules already initialized, skipping
Refreshing native plugins compatible for Editor in 0.51 ms, found 1 plugins.
Preloading 0 native plugins for Editor in 0.00 ms.
Unloading 2721 Unused Serialized files (Serialized files now loaded: 0)
System memory in use before: 108.8 MB.
System memory in use after: 109.1 MB.

Unloading 9 unused Assets to reduce memory usage. Loaded Objects now: 3468.
Total: 2.054600 ms (FindLiveObjects: 0.246200 ms CreateObjectMapping: 0.124600 ms MarkObjects: 1.662800 ms  DeleteObjects: 0.020000 ms)

========================================================================
Received Prepare
Registering precompiled user dll's ...
Registered in 0.002087 seconds.
Begin MonoManager ReloadAssembly
Native extension for WindowsStandalone target not found
Refreshing native plugins compatible for Editor in 0.47 ms, found 1 plugins.
Preloading 0 native plugins for Editor in 0.00 ms.
Mono: successfully reloaded assembly
- Completed reload, in  0.793 seconds
Platform modules already initialized, skipping
Refreshing native plugins compatible for Editor in 0.45 ms, found 1 plugins.
Preloading 0 native plugins for Editor in 0.00 ms.
Unloading 2721 Unused Serialized files (Serialized files now loaded: 0)
System memory in use before: 108.8 MB.
System memory in use after: 109.0 MB.

Unloading 9 unused Assets to reduce memory usage. Loaded Objects now: 3471.
Total: 1.865600 ms (FindLiveObjects: 0.224100 ms CreateObjectMapping: 0.117600 ms MarkObjects: 1.509800 ms  DeleteObjects: 0.013000 ms)

========================================================================
Received Import Request.
  Time since last request: 2728.111816 seconds.
  path: Assets/Texture/Core3.mat
  artifactKey: Guid(40f5bc870fb9f0645b0ddd9f6deeaf35) Importer(815301076,1909f56bfc062723c751e8b465ee728b)
Start importing Assets/Texture/Core3.mat using Guid(40f5bc870fb9f0645b0ddd9f6deeaf35) Importer(815301076,1909f56bfc062723c751e8b465ee728b)  -> (artifact id: '800b049b510ec52af4c70edf8f57cb3e') in 0.089259 seconds 
========================================================================
Received Import Request.
  Time since last request: 0.000267 seconds.
  path: Assets/Texture/MagicCircle2.mat
  artifactKey: Guid(68f946c2ec132c140a06e9ef96a205e9) Importer(815301076,1909f56bfc062723c751e8b465ee728b)
Start importing Assets/Texture/MagicCircle2.mat using Guid(68f946c2ec132c140a06e9ef96a205e9) Importer(815301076,1909f56bfc062723c751e8b465ee728b)  -> (artifact id: '7ca24b1eb0a0a25737771e19c51004f7') in 0.020521 seconds 
========================================================================
Received Import Request.
  Time since last request: 0.000327 seconds.
  path: Assets/Texture/Ring4.mat
  artifactKey: Guid(efc9e3eaad961d64489e52fc06b53ea8) Importer(815301076,1909f56bfc062723c751e8b465ee728b)
Start importing Assets/Texture/Ring4.mat using Guid(efc9e3eaad961d64489e52fc06b53ea8) Importer(815301076,1909f56bfc062723c751e8b465ee728b)  -> (artifact id: '05b4897924541a1c1cb591fe761da3a4') in 0.017860 seconds 
========================================================================
Received Import Request.
  Time since last request: 0.000203 seconds.
  path: Assets/Texture/Spark5.mat
  artifactKey: Guid(7145e087e1edaf04287f49014d94a1f8) Importer(815301076,1909f56bfc062723c751e8b465ee728b)
Start importing Assets/Texture/Spark5.mat using Guid(7145e087e1edaf04287f49014d94a1f8) Importer(815301076,1909f56bfc062723c751e8b465ee728b)  -> (artifact id: 'd216e7e1d15c8080311a1691deaa893d') in 0.016440 seconds 
========================================================================
Received Import Request.
  Time since last request: 0.000234 seconds.
  path: Assets/Texture/Core4.mat
  artifactKey: Guid(9d59fd0bb2aa4e248b8cd728c1241ae9) Importer(815301076,1909f56bfc062723c751e8b465ee728b)
Start importing Assets/Texture/Core4.mat using Guid(9d59fd0bb2aa4e248b8cd728c1241ae9) Importer(815301076,1909f56bfc062723c751e8b465ee728b)  -> (artifact id: '47a3d9b2d6840e2ee0a91038791e3d5e') in 0.018704 seconds 
========================================================================
Received Import Request.
  Time since last request: 0.000197 seconds.
  path: Assets/Texture/Light3.mat
  artifactKey: Guid(2de448a9c76e96f4f9acf71a71c6a4f0) Importer(815301076,1909f56bfc062723c751e8b465ee728b)
Start importing Assets/Texture/Light3.mat using Guid(2de448a9c76e96f4f9acf71a71c6a4f0) Importer(815301076,1909f56bfc062723c751e8b465ee728b)  -> (artifact id: '2599302ae27941f94b12815345ebb2fc') in 0.015593 seconds 
========================================================================
Received Import Request.
  Time since last request: 0.000167 seconds.
  path: Assets/Texture/Smoke3.mat
  artifactKey: Guid(e5cf9e7358a8c2048b0ff260e9813b4d) Importer(815301076,1909f56bfc062723c751e8b465ee728b)
Start importing Assets/Texture/Smoke3.mat using Guid(e5cf9e7358a8c2048b0ff260e9813b4d) Importer(815301076,1909f56bfc062723c751e8b465ee728b)  -> (artifact id: '12247cc027e45f3c207f8dc985de0d3a') in 0.015562 seconds 
========================================================================
Received Import Request.
  Time since last request: 4.307007 seconds.
  path: Assets/52SpecialEffectPack/Texture
  artifactKey: Guid(0be6aa51c8d8f56428b0cff0fd743ac7) Importer(815301076,1909f56bfc062723c751e8b465ee728b)
Start importing Assets/52SpecialEffectPack/Texture using Guid(0be6aa51c8d8f56428b0cff0fd743ac7) Importer(815301076,1909f56bfc062723c751e8b465ee728b)  -> (artifact id: '2d40abd8816995485ef341169da3db03') in 0.008765 seconds 
========================================================================
Received Import Request.
  Time since last request: 28.326059 seconds.
  path: Assets/Prefabs/Mine.prefab
  artifactKey: Guid(9d2a441ff923402459be195bff7d1396) Importer(815301076,1909f56bfc062723c751e8b465ee728b)
Start importing Assets/Prefabs/Mine.prefab using Guid(9d2a441ff923402459be195bff7d1396) Importer(815301076,1909f56bfc062723c751e8b465ee728b)  -> (artifact id: '89143bdebc16451d4e6f6627022b28b0') in 0.029075 seconds 
========================================================================
Received Import Request.
  Time since last request: 0.000229 seconds.
  path: Assets/Prefabs/Smoke.prefab
  artifactKey: Guid(f528b7d1bfc52fe45b191bfb5e1efc18) Importer(815301076,1909f56bfc062723c751e8b465ee728b)
Start importing Assets/Prefabs/Smoke.prefab using Guid(f528b7d1bfc52fe45b191bfb5e1efc18) Importer(815301076,1909f56bfc062723c751e8b465ee728b)  -> (artifact id: 'ed2831b7f3f6cf93bd5449eab96aa980') in 0.009921 seconds 
========================================================================
Received Prepare
Registering precompiled user dll's ...
Registered in 0.002215 seconds.
Begin MonoManager ReloadAssembly
Native extension for WindowsStandalone target not found
Refreshing native plugins compatible for Editor in 0.45 ms, found 1 plugins.
Preloading 0 native plugins for Editor in 0.00 ms.
Mono: successfully reloaded assembly
- Completed reload, in  0.768 seconds
Platform modules already initialized, skipping
Refreshing native plugins compatible for Editor in 0.52 ms, found 1 plugins.
Preloading 0 native plugins for Editor in 0.00 ms.
Unloading 2721 Unused Serialized files (Serialized files now loaded: 0)
System memory in use before: 108.8 MB.
System memory in use after: 109.1 MB.

Unloading 10 unused Assets to reduce memory usage. Loaded Objects now: 3475.
Total: 2.113100 ms (FindLiveObjects: 0.200900 ms CreateObjectMapping: 0.097300 ms MarkObjects: 1.775900 ms  DeleteObjects: 0.038100 ms)

========================================================================
Received Prepare
Registering precompiled user dll's ...
Registered in 0.002190 seconds.
Begin MonoManager ReloadAssembly
Native extension for WindowsStandalone target not found
Refreshing native plugins compatible for Editor in 0.48 ms, found 1 plugins.
Preloading 0 native plugins for Editor in 0.00 ms.
Mono: successfully reloaded assembly
- Completed reload, in  0.841 seconds
Platform modules already initialized, skipping
Refreshing native plugins compatible for Editor in 0.44 ms, found 1 plugins.
Preloading 0 native plugins for Editor in 0.00 ms.
Unloading 2721 Unused Serialized files (Serialized files now loaded: 0)
System memory in use before: 108.8 MB.
System memory in use after: 109.1 MB.

Unloading 9 unused Assets to reduce memory usage. Loaded Objects now: 3478.
Total: 2.050700 ms (FindLiveObjects: 0.221400 ms CreateObjectMapping: 0.115400 ms MarkObjects: 1.700500 ms  DeleteObjects: 0.012700 ms)

========================================================================
Received Import Request.
  Time since last request: 114.724282 seconds.
  path: Assets/Texture/Smoke.mat
  artifactKey: Guid(ed9050a5cafca2c43ad22365fbc83f00) Importer(815301076,1909f56bfc062723c751e8b465ee728b)
Start importing Assets/Texture/Smoke.mat using Guid(ed9050a5cafca2c43ad22365fbc83f00) Importer(815301076,1909f56bfc062723c751e8b465ee728b)  -> (artifact id: 'a51fee0ad2ed9a8619774f00eb0985bf') in 0.046020 seconds 
========================================================================
Received Import Request.
  Time since last request: 181.727509 seconds.
  path: Assets/Prefabs/MagicCircle.prefab
  artifactKey: Guid(29f7a4789fc4d584ab276a17f80e72a7) Importer(815301076,1909f56bfc062723c751e8b465ee728b)
Start importing Assets/Prefabs/MagicCircle.prefab using Guid(29f7a4789fc4d584ab276a17f80e72a7) Importer(815301076,1909f56bfc062723c751e8b465ee728b)  -> (artifact id: 'fdddb8a392d5ca038447d55b9e98feba') in 0.016449 seconds 
========================================================================
Received Prepare
Registering precompiled user dll's ...
Registered in 0.002173 seconds.
Begin MonoManager ReloadAssembly
Native extension for WindowsStandalone target not found
Refreshing native plugins compatible for Editor in 0.48 ms, found 1 plugins.
Preloading 0 native plugins for Editor in 0.00 ms.
Mono: successfully reloaded assembly
- Completed reload, in  0.780 seconds
Platform modules already initialized, skipping
Refreshing native plugins compatible for Editor in 0.46 ms, found 1 plugins.
Preloading 0 native plugins for Editor in 0.00 ms.
Unloading 2721 Unused Serialized files (Serialized files now loaded: 0)
System memory in use before: 108.8 MB.
System memory in use after: 109.1 MB.

Unloading 9 unused Assets to reduce memory usage. Loaded Objects now: 3482.
Total: 1.849700 ms (FindLiveObjects: 0.224600 ms CreateObjectMapping: 0.118900 ms MarkObjects: 1.493700 ms  DeleteObjects: 0.011800 ms)

========================================================================
Received Import Request.
  Time since last request: 254.601629 seconds.
  path: Assets/Scripts/AdText.cs
  artifactKey: Guid(f7ac88b1f75d2c242b80c4fd4276a189) Importer(815301076,1909f56bfc062723c751e8b465ee728b)
Start importing Assets/Scripts/AdText.cs using Guid(f7ac88b1f75d2c242b80c4fd4276a189) Importer(815301076,1909f56bfc062723c751e8b465ee728b)  -> (artifact id: '11a79235e39fd0b0f1c329757d459ef2') in 0.012992 seconds 
========================================================================
Received Prepare
Registering precompiled user dll's ...
Registered in 0.002171 seconds.
Begin MonoManager ReloadAssembly
Native extension for WindowsStandalone target not found
Refreshing native plugins compatible for Editor in 0.46 ms, found 1 plugins.
Preloading 0 native plugins for Editor in 0.00 ms.
Mono: successfully reloaded assembly
- Completed reload, in  0.737 seconds
Platform modules already initialized, skipping
Refreshing native plugins compatible for Editor in 0.46 ms, found 1 plugins.
Preloading 0 native plugins for Editor in 0.00 ms.
Unloading 2721 Unused Serialized files (Serialized files now loaded: 0)
System memory in use before: 108.8 MB.
System memory in use after: 109.1 MB.

Unloading 9 unused Assets to reduce memory usage. Loaded Objects now: 3485.
Total: 2.356600 ms (FindLiveObjects: 0.309000 ms CreateObjectMapping: 0.144500 ms MarkObjects: 1.881900 ms  DeleteObjects: 0.019800 ms)

========================================================================
Received Import Request.
  Time since last request: 645.299096 seconds.
  path: Assets/Scripts/AdText.cs
  artifactKey: Guid(f7ac88b1f75d2c242b80c4fd4276a189) Importer(815301076,1909f56bfc062723c751e8b465ee728b)
Start importing Assets/Scripts/AdText.cs using Guid(f7ac88b1f75d2c242b80c4fd4276a189) Importer(815301076,1909f56bfc062723c751e8b465ee728b)  -> (artifact id: '2463420c7efb453373721ab59d0b39d1') in 0.010142 seconds 
========================================================================
Received Import Request.
  Time since last request: 2.902444 seconds.
  path: Assets/Scripts/BuildingPiacer.cs
  artifactKey: Guid(d9712e9a1a0d7e549a39ee52cf345a21) Importer(815301076,1909f56bfc062723c751e8b465ee728b)
Start importing Assets/Scripts/BuildingPiacer.cs using Guid(d9712e9a1a0d7e549a39ee52cf345a21) Importer(815301076,1909f56bfc062723c751e8b465ee728b)  -> (artifact id: '980f72e2551bcbaf06c868adacc50f03') in 0.008844 seconds 
========================================================================
Received Import Request.
  Time since last request: 0.460443 seconds.
  path: Assets/Scripts/ButtonBarack.cs
  artifactKey: Guid(6c2767941823e9245ad5c0b264d76d86) Importer(815301076,1909f56bfc062723c751e8b465ee728b)
Start importing Assets/Scripts/ButtonBarack.cs using Guid(6c2767941823e9245ad5c0b264d76d86) Importer(815301076,1909f56bfc062723c751e8b465ee728b)  -> (artifact id: '68eb3f5c4047929b763d03159d464b3f') in 0.008791 seconds 
========================================================================
Received Import Request.
  Time since last request: 1.621252 seconds.
  path: Assets/Scripts/ButtonShield.cs
  artifactKey: Guid(25c0dee641234144e82ab44ecb61dce3) Importer(815301076,1909f56bfc062723c751e8b465ee728b)
Start importing Assets/Scripts/ButtonShield.cs using Guid(25c0dee641234144e82ab44ecb61dce3) Importer(815301076,1909f56bfc062723c751e8b465ee728b)  -> (artifact id: 'a672e62ddf91b99a5bbb455fa206f0b9') in 0.008286 seconds 
========================================================================
Received Import Request.
  Time since last request: 33.463820 seconds.
  path: Assets/Scripts/CameraMoove.cs
  artifactKey: Guid(1311f29552c4a394180682264eb555f8) Importer(815301076,1909f56bfc062723c751e8b465ee728b)
Start importing Assets/Scripts/CameraMoove.cs using Guid(1311f29552c4a394180682264eb555f8) Importer(815301076,1909f56bfc062723c751e8b465ee728b)  -> (artifact id: '1472295bf2c38baf9053b0abc2769844') in 0.008450 seconds 
========================================================================
Received Prepare
Registering precompiled user dll's ...
Registered in 0.002855 seconds.
Begin MonoManager ReloadAssembly
Native extension for WindowsStandalone target not found
Refreshing native plugins compatible for Editor in 0.51 ms, found 1 plugins.
Preloading 0 native plugins for Editor in 0.00 ms.
Mono: successfully reloaded assembly
- Completed reload, in  0.771 seconds
Platform modules already initialized, skipping
Refreshing native plugins compatible for Editor in 0.63 ms, found 1 plugins.
Preloading 0 native plugins for Editor in 0.00 ms.
Unloading 2720 Unused Serialized files (Serialized files now loaded: 0)
System memory in use before: 108.8 MB.
System memory in use after: 109.0 MB.

Unloading 10 unused Assets to reduce memory usage. Loaded Objects now: 3487.
Total: 2.004700 ms (FindLiveObjects: 0.273400 ms CreateObjectMapping: 0.127000 ms MarkObjects: 1.588000 ms  DeleteObjects: 0.014800 ms)

========================================================================
Received Prepare
Registering precompiled user dll's ...
Registered in 0.002109 seconds.
Begin MonoManager ReloadAssembly
Native extension for WindowsStandalone target not found
Refreshing native plugins compatible for Editor in 0.54 ms, found 1 plugins.
Preloading 0 native plugins for Editor in 0.00 ms.
Mono: successfully reloaded assembly
- Completed reload, in  0.737 seconds
Platform modules already initialized, skipping
Refreshing native plugins compatible for Editor in 0.47 ms, found 1 plugins.
Preloading 0 native plugins for Editor in 0.00 ms.
Unloading 2720 Unused Serialized files (Serialized files now loaded: 0)
System memory in use before: 108.8 MB.
System memory in use after: 109.0 MB.

Unloading 9 unused Assets to reduce memory usage. Loaded Objects now: 3490.
Total: 1.971600 ms (FindLiveObjects: 0.231300 ms CreateObjectMapping: 0.114100 ms MarkObjects: 1.613200 ms  DeleteObjects: 0.012300 ms)

========================================================================
Received Prepare
Registering precompiled user dll's ...
Registered in 0.002317 seconds.
Begin MonoManager ReloadAssembly
Native extension for WindowsStandalone target not found
Refreshing native plugins compatible for Editor in 0.61 ms, found 1 plugins.
Preloading 0 native plugins for Editor in 0.00 ms.
Mono: successfully reloaded assembly
- Completed reload, in  0.774 seconds
Platform modules already initialized, skipping
Refreshing native plugins compatible for Editor in 0.45 ms, found 1 plugins.
Preloading 0 native plugins for Editor in 0.00 ms.
Unloading 2720 Unused Serialized files (Serialized files now loaded: 0)
System memory in use before: 108.8 MB.
System memory in use after: 109.1 MB.

Unloading 9 unused Assets to reduce memory usage. Loaded Objects now: 3493.
Total: 2.049900 ms (FindLiveObjects: 0.322900 ms CreateObjectMapping: 0.150200 ms MarkObjects: 1.562700 ms  DeleteObjects: 0.013300 ms)

========================================================================
Received Import Request.
  Time since last request: 1101.347518 seconds.
  path: Assets/Prefabs/Mine.prefab
  artifactKey: Guid(9d2a441ff923402459be195bff7d1396) Importer(815301076,1909f56bfc062723c751e8b465ee728b)
Start importing Assets/Prefabs/Mine.prefab using Guid(9d2a441ff923402459be195bff7d1396) Importer(815301076,1909f56bfc062723c751e8b465ee728b)  -> (artifact id: 'a6205b992107164e2f18c034d90eaf02') in 0.053114 seconds 
========================================================================
Received Prepare
Registering precompiled user dll's ...
Registered in 0.002106 seconds.
Begin MonoManager ReloadAssembly
Native extension for WindowsStandalone target not found
Refreshing native plugins compatible for Editor in 0.44 ms, found 1 plugins.
Preloading 0 native plugins for Editor in 0.00 ms.
Mono: successfully reloaded assembly
- Completed reload, in  0.808 seconds
Platform modules already initialized, skipping
Refreshing native plugins compatible for Editor in 0.50 ms, found 1 plugins.
Preloading 0 native plugins for Editor in 0.00 ms.
Unloading 2720 Unused Serialized files (Serialized files now loaded: 0)
System memory in use before: 108.8 MB.
System memory in use after: 109.1 MB.

Unloading 9 unused Assets to reduce memory usage. Loaded Objects now: 3497.
Total: 2.244600 ms (FindLiveObjects: 0.262600 ms CreateObjectMapping: 0.145100 ms MarkObjects: 1.822600 ms  DeleteObjects: 0.013500 ms)

========================================================================
Received Import Request.
  Time since last request: 315.979548 seconds.
  path: Assets/Prefabs/Mine.prefab
  artifactKey: Guid(9d2a441ff923402459be195bff7d1396) Importer(815301076,1909f56bfc062723c751e8b465ee728b)
Start importing Assets/Prefabs/Mine.prefab using Guid(9d2a441ff923402459be195bff7d1396) Importer(815301076,1909f56bfc062723c751e8b465ee728b)  -> (artifact id: 'b4dae4334b94e143e55706a6d4582341') in 0.048862 seconds 
========================================================================
Received Prepare
Registering precompiled user dll's ...
Registered in 0.002057 seconds.
Begin MonoManager ReloadAssembly
Native extension for WindowsStandalone target not found
Refreshing native plugins compatible for Editor in 0.44 ms, found 1 plugins.
Preloading 0 native plugins for Editor in 0.00 ms.
Mono: successfully reloaded assembly
- Completed reload, in  0.736 seconds
Platform modules already initialized, skipping
Refreshing native plugins compatible for Editor in 0.44 ms, found 1 plugins.
Preloading 0 native plugins for Editor in 0.00 ms.
Unloading 2720 Unused Serialized files (Serialized files now loaded: 0)
System memory in use before: 108.8 MB.
System memory in use after: 109.1 MB.

Unloading 9 unused Assets to reduce memory usage. Loaded Objects now: 3501.
Total: 2.020100 ms (FindLiveObjects: 0.300200 ms CreateObjectMapping: 0.139000 ms MarkObjects: 1.568500 ms  DeleteObjects: 0.011500 ms)

AssetImportWorkerClient::OnTransportError - code=2 error=End of file
